  Pyramid.cpp
C:\Users\HP\OneDrive\Documentos\LEI\ANO 3\Semestre 1\CG\PRÁTICAS\of_v0.12.0_vs_release\libs\openFrameworks\math\ofMatrix4x4.h(326,20): warning C4267: 'argument': conversion from 'size_t' to 'int', possible loss of data
  (compiling source file 'src/Pyramid.cpp')
  
C:\Users\HP\OneDrive\Documentos\LEI\ANO 3\Semestre 1\CG\PRÁTICAS\of_v0.12.0_vs_release\libs\openFrameworks\math\ofMatrix4x4.h(331,20): warning C4267: 'argument': conversion from 'size_t' to 'int', possible loss of data
  (compiling source file 'src/Pyramid.cpp')
  
C:\Users\HP\OneDrive\Documentos\LEI\ANO 3\Semestre 1\CG\PRÁTICAS\of_v0.12.0_vs_release\libs\openFrameworks\math\ofMatrix4x4.h(912,11): warning C4267: 'argument': conversion from 'size_t' to 'int', possible loss of data
  (compiling source file 'src/Pyramid.cpp')
  
C:\Users\HP\OneDrive\Documentos\LEI\ANO 3\Semestre 1\CG\PRÁTICAS\of_v0.12.0_vs_release\libs\openFrameworks\math\ofMatrix4x4.h(913,11): warning C4267: 'argument': conversion from 'size_t' to 'int', possible loss of data
  (compiling source file 'src/Pyramid.cpp')
  
C:\Users\HP\OneDrive\Documentos\LEI\ANO 3\Semestre 1\CG\PRÁTICAS\of_v0.12.0_vs_release\libs\openFrameworks\math\ofMatrix4x4.h(914,11): warning C4267: 'argument': conversion from 'size_t' to 'int', possible loss of data
  (compiling source file 'src/Pyramid.cpp')
  
C:\Users\HP\OneDrive\Documentos\LEI\ANO 3\Semestre 1\CG\PRÁTICAS\of_v0.12.0_vs_release\libs\openFrameworks\math\ofMatrix4x4.h(915,11): warning C4267: 'argument': conversion from 'size_t' to 'int', possible loss of data
  (compiling source file 'src/Pyramid.cpp')
  
C:\Users\HP\OneDrive\Documentos\LEI\ANO 3\Semestre 1\CG\PRÁTICAS\of_v0.12.0_vs_release\apps\myApps\cgFinalProject\src\movementTools.h(12,10): warning C4067: unexpected tokens following preprocessor directive - expected a newline
  (compiling source file 'src/Pyramid.cpp')
  
LINK : warning LNK4075: ignoring '/INCREMENTAL' due to '/FORCE' specification
  cgFinalProject.vcxproj -> C:\Users\HP\OneDrive\Documentos\LEI\ANO 3\Semestre 1\CG\PRÁTICAS\of_v0.12.0_vs_release\apps\myApps\cgFinalProject\bin\cgFinalProject_debug.exe
  
  	                   2	C:\Users\HP\OneDrive\Documentos\LEI\ANO 3\Semestre 1\CG\PRÁTICAS\of_v0.12.0_vs_release\libs\fmod\lib\vs\x64\
  	  *EXTRA File 		 6942208	C:\Users\HP\OneDrive\Documentos\LEI\ANO 3\Semestre 1\CG\PRÁTICAS\of_v0.12.0_vs_release\apps\myApps\cgFinalProject\bin\FreeImage.dll
  
  	                   1	C:\Users\HP\OneDrive\Documentos\LEI\ANO 3\Semestre 1\CG\PRÁTICAS\of_v0.12.0_vs_release\libs\FreeImage\lib\vs\x64\
  	  *EXTRA File 		 1826304	C:\Users\HP\OneDrive\Documentos\LEI\ANO 3\Semestre 1\CG\PRÁTICAS\of_v0.12.0_vs_release\apps\myApps\cgFinalProject\bin\fmod.dll
  	  *EXTRA File 		 2041856	C:\Users\HP\OneDrive\Documentos\LEI\ANO 3\Semestre 1\CG\PRÁTICAS\of_v0.12.0_vs_release\apps\myApps\cgFinalProject\bin\fmodL.dll
